Tue, 18 Aug 2020 07:49:13 GMT ::1 GET 200 / insomnia/2020.3.3
Tue, 18 Aug 2020 07:49:14 GMT ::1 GET 200 / insomnia/2020.3.3
Tue, 18 Aug 2020 07:49:15 GMT ::1 GET 200 / insomnia/2020.3.3
Tue, 18 Aug 2020 07:55:21 GMT ::1 GET 304 / Mozilla/5.0 (Windows NT 10.0; Win64; x64) AppleWebKit/537.36 (KHTML, like Gecko) Chrome/84.0.4147.125 Safari/537.36
Tue, 18 Aug 2020 07:55:21 GMT ::1 GET 304 / Mozilla/5.0 (Windows NT 10.0; Win64; x64) AppleWebKit/537.36 (KHTML, like Gecko) Chrome/84.0.4147.125 Safari/537.36
Tue, 18 Aug 2020 07:55:21 GMT ::1 GET 304 / Mozilla/5.0 (Windows NT 10.0; Win64; x64) AppleWebKit/537.36 (KHTML, like Gecko) Chrome/84.0.4147.125 Safari/537.36
Tue, 18 Aug 2020 07:55:21 GMT ::1 GET 304 / Mozilla/5.0 (Windows NT 10.0; Win64; x64) AppleWebKit/537.36 (KHTML, like Gecko) Chrome/84.0.4147.125 Safari/537.36
Tue, 18 Aug 2020 07:55:54 GMT ::1 GET 304 /workers Mozilla/5.0 (Windows NT 10.0; Win64; x64) AppleWebKit/537.36 (KHTML, like Gecko) Chrome/84.0.4147.125 Safari/537.36
Tue, 18 Aug 2020 07:55:54 GMT ::1 GET 304 /workers Mozilla/5.0 (Windows NT 10.0; Win64; x64) AppleWebKit/537.36 (KHTML, like Gecko) Chrome/84.0.4147.125 Safari/537.36
Tue, 18 Aug 2020 07:55:54 GMT ::1 GET 304 /workers Mozilla/5.0 (Windows NT 10.0; Win64; x64) AppleWebKit/537.36 (KHTML, like Gecko) Chrome/84.0.4147.125 Safari/537.36
Tue, 18 Aug 2020 07:55:54 GMT ::1 GET 304 /workers Mozilla/5.0 (Windows NT 10.0; Win64; x64) AppleWebKit/537.36 (KHTML, like Gecko) Chrome/84.0.4147.125 Safari/537.36
Tue, 18 Aug 2020 07:55:55 GMT ::1 GET 304 / Mozilla/5.0 (Windows NT 10.0; Win64; x64) AppleWebKit/537.36 (KHTML, like Gecko) Chrome/84.0.4147.125 Safari/537.36
Tue, 18 Aug 2020 07:55:55 GMT ::1 GET 304 / Mozilla/5.0 (Windows NT 10.0; Win64; x64) AppleWebKit/537.36 (KHTML, like Gecko) Chrome/84.0.4147.125 Safari/537.36
Tue, 18 Aug 2020 07:55:55 GMT ::1 GET 304 / Mozilla/5.0 (Windows NT 10.0; Win64; x64) AppleWebKit/537.36 (KHTML, like Gecko) Chrome/84.0.4147.125 Safari/537.36
Tue, 18 Aug 2020 07:55:55 GMT ::1 GET 304 / Mozilla/5.0 (Windows NT 10.0; Win64; x64) AppleWebKit/537.36 (KHTML, like Gecko) Chrome/84.0.4147.125 Safari/537.36
Tue, 18 Aug 2020 07:55:55 GMT ::1 GET 304 /workers Mozilla/5.0 (Windows NT 10.0; Win64; x64) AppleWebKit/537.36 (KHTML, like Gecko) Chrome/84.0.4147.125 Safari/537.36
Tue, 18 Aug 2020 07:55:55 GMT ::1 GET 304 /workers Mozilla/5.0 (Windows NT 10.0; Win64; x64) AppleWebKit/537.36 (KHTML, like Gecko) Chrome/84.0.4147.125 Safari/537.36
Tue, 18 Aug 2020 07:55:55 GMT ::1 GET 304 /workers Mozilla/5.0 (Windows NT 10.0; Win64; x64) AppleWebKit/537.36 (KHTML, like Gecko) Chrome/84.0.4147.125 Safari/537.36
Tue, 18 Aug 2020 07:55:55 GMT ::1 GET 304 /workers Mozilla/5.0 (Windows NT 10.0; Win64; x64) AppleWebKit/537.36 (KHTML, like Gecko) Chrome/84.0.4147.125 Safari/537.36
Tue, 18 Aug 2020 07:55:56 GMT ::1 GET 304 / Mozilla/5.0 (Windows NT 10.0; Win64; x64) AppleWebKit/537.36 (KHTML, like Gecko) Chrome/84.0.4147.125 Safari/537.36
Tue, 18 Aug 2020 07:55:56 GMT ::1 GET 304 / Mozilla/5.0 (Windows NT 10.0; Win64; x64) AppleWebKit/537.36 (KHTML, like Gecko) Chrome/84.0.4147.125 Safari/537.36
Tue, 18 Aug 2020 07:55:56 GMT ::1 GET 304 / Mozilla/5.0 (Windows NT 10.0; Win64; x64) AppleWebKit/537.36 (KHTML, like Gecko) Chrome/84.0.4147.125 Safari/537.36
Tue, 18 Aug 2020 07:55:56 GMT ::1 GET 304 / Mozilla/5.0 (Windows NT 10.0; Win64; x64) AppleWebKit/537.36 (KHTML, like Gecko) Chrome/84.0.4147.125 Safari/537.36
Tue, 18 Aug 2020 07:55:57 GMT ::1 GET 304 /workers Mozilla/5.0 (Windows NT 10.0; Win64; x64) AppleWebKit/537.36 (KHTML, like Gecko) Chrome/84.0.4147.125 Safari/537.36
Tue, 18 Aug 2020 07:55:57 GMT ::1 GET 304 /workers Mozilla/5.0 (Windows NT 10.0; Win64; x64) AppleWebKit/537.36 (KHTML, like Gecko) Chrome/84.0.4147.125 Safari/537.36
Tue, 18 Aug 2020 07:55:57 GMT ::1 GET 304 /workers Mozilla/5.0 (Windows NT 10.0; Win64; x64) AppleWebKit/537.36 (KHTML, like Gecko) Chrome/84.0.4147.125 Safari/537.36
Tue, 18 Aug 2020 07:55:57 GMT ::1 GET 304 /workers Mozilla/5.0 (Windows NT 10.0; Win64; x64) AppleWebKit/537.36 (KHTML, like Gecko) Chrome/84.0.4147.125 Safari/537.36
Tue, 18 Aug 2020 07:56:02 GMT ::1 GET 304 / Mozilla/5.0 (Windows NT 10.0; Win64; x64) AppleWebKit/537.36 (KHTML, like Gecko) Chrome/84.0.4147.125 Safari/537.36
Tue, 18 Aug 2020 07:56:02 GMT ::1 GET 304 / Mozilla/5.0 (Windows NT 10.0; Win64; x64) AppleWebKit/537.36 (KHTML, like Gecko) Chrome/84.0.4147.125 Safari/537.36
Tue, 18 Aug 2020 07:56:02 GMT ::1 GET 304 / Mozilla/5.0 (Windows NT 10.0; Win64; x64) AppleWebKit/537.36 (KHTML, like Gecko) Chrome/84.0.4147.125 Safari/537.36
Tue, 18 Aug 2020 07:56:02 GMT ::1 GET 304 / Mozilla/5.0 (Windows NT 10.0; Win64; x64) AppleWebKit/537.36 (KHTML, like Gecko) Chrome/84.0.4147.125 Safari/537.36
Tue, 18 Aug 2020 07:56:24 GMT ::1 GET 304 /workers Mozilla/5.0 (Windows NT 10.0; Win64; x64) AppleWebKit/537.36 (KHTML, like Gecko) Chrome/84.0.4147.125 Safari/537.36
Tue, 18 Aug 2020 07:56:24 GMT ::1 GET 304 /workers Mozilla/5.0 (Windows NT 10.0; Win64; x64) AppleWebKit/537.36 (KHTML, like Gecko) Chrome/84.0.4147.125 Safari/537.36
Tue, 18 Aug 2020 07:56:24 GMT ::1 GET 304 /workers Mozilla/5.0 (Windows NT 10.0; Win64; x64) AppleWebKit/537.36 (KHTML, like Gecko) Chrome/84.0.4147.125 Safari/537.36
Tue, 18 Aug 2020 07:56:24 GMT ::1 GET 304 /workers Mozilla/5.0 (Windows NT 10.0; Win64; x64) AppleWebKit/537.36 (KHTML, like Gecko) Chrome/84.0.4147.125 Safari/537.36
Tue, 18 Aug 2020 08:59:37 GMT ::1 POST 201 /workers/add insomnia/2020.3.3
Tue, 18 Aug 2020 09:17:14 GMT ::1 DELETE 200 /workers/delete insomnia/2020.3.3
Tue, 18 Aug 2020 09:18:01 GMT ::1 POST 201 /workers/add insomnia/2020.3.3
Tue, 18 Aug 2020 09:18:13 GMT ::1 DELETE 200 /workers/delete insomnia/2020.3.3
Tue, 18 Aug 2020 09:18:37 GMT ::1 POST 201 /workers/add insomnia/2020.3.3
Tue, 18 Aug 2020 09:18:46 GMT ::1 POST 201 /workers/add insomnia/2020.3.3
Tue, 18 Aug 2020 09:19:07 GMT ::1 DELETE 200 /workers/delete insomnia/2020.3.3
Tue, 18 Aug 2020 09:20:58 GMT ::1 POST 201 /workers/add insomnia/2020.3.3
Tue, 18 Aug 2020 09:21:38 GMT ::1 POST 201 /workers/add insomnia/2020.3.3
Tue, 18 Aug 2020 09:23:53 GMT ::1 DELETE 200 /workers/delete insomnia/2020.3.3
Tue, 18 Aug 2020 09:24:03 GMT ::1 POST 201 /workers/add insomnia/2020.3.3
Tue, 18 Aug 2020 09:26:12 GMT ::1 POST 201 /workers/add insomnia/2020.3.3
Tue, 18 Aug 2020 09:31:48 GMT ::1 GET 304 / Mozilla/5.0 (Windows NT 10.0; Win64; x64) AppleWebKit/537.36 (KHTML, like Gecko) Chrome/84.0.4147.125 Safari/537.36
Tue, 18 Aug 2020 09:31:48 GMT ::1 GET 304 / Mozilla/5.0 (Windows NT 10.0; Win64; x64) AppleWebKit/537.36 (KHTML, like Gecko) Chrome/84.0.4147.125 Safari/537.36
Tue, 18 Aug 2020 09:31:48 GMT ::1 GET 304 / Mozilla/5.0 (Windows NT 10.0; Win64; x64) AppleWebKit/537.36 (KHTML, like Gecko) Chrome/84.0.4147.125 Safari/537.36
Tue, 18 Aug 2020 09:31:48 GMT ::1 GET 304 / Mozilla/5.0 (Windows NT 10.0; Win64; x64) AppleWebKit/537.36 (KHTML, like Gecko) Chrome/84.0.4147.125 Safari/537.36
Tue, 18 Aug 2020 09:31:49 GMT ::1 GET 200 /workers Mozilla/5.0 (Windows NT 10.0; Win64; x64) AppleWebKit/537.36 (KHTML, like Gecko) Chrome/84.0.4147.125 Safari/537.36
Tue, 18 Aug 2020 09:31:49 GMT ::1 GET 304 /workers Mozilla/5.0 (Windows NT 10.0; Win64; x64) AppleWebKit/537.36 (KHTML, like Gecko) Chrome/84.0.4147.125 Safari/537.36
Tue, 18 Aug 2020 09:31:49 GMT ::1 GET 304 /workers Mozilla/5.0 (Windows NT 10.0; Win64; x64) AppleWebKit/537.36 (KHTML, like Gecko) Chrome/84.0.4147.125 Safari/537.36
Tue, 18 Aug 2020 09:31:49 GMT ::1 GET 304 /workers Mozilla/5.0 (Windows NT 10.0; Win64; x64) AppleWebKit/537.36 (KHTML, like Gecko) Chrome/84.0.4147.125 Safari/537.36
Tue, 18 Aug 2020 09:33:02 GMT ::1 GET 304 / Mozilla/5.0 (Windows NT 10.0; Win64; x64) AppleWebKit/537.36 (KHTML, like Gecko) Chrome/84.0.4147.125 Safari/537.36
Tue, 18 Aug 2020 09:33:02 GMT ::1 GET 304 / Mozilla/5.0 (Windows NT 10.0; Win64; x64) AppleWebKit/537.36 (KHTML, like Gecko) Chrome/84.0.4147.125 Safari/537.36
Tue, 18 Aug 2020 09:33:02 GMT ::1 GET 304 / Mozilla/5.0 (Windows NT 10.0; Win64; x64) AppleWebKit/537.36 (KHTML, like Gecko) Chrome/84.0.4147.125 Safari/537.36
Tue, 18 Aug 2020 09:33:02 GMT ::1 GET 304 / Mozilla/5.0 (Windows NT 10.0; Win64; x64) AppleWebKit/537.36 (KHTML, like Gecko) Chrome/84.0.4147.125 Safari/537.36
Tue, 18 Aug 2020 09:33:08 GMT ::1 GET 304 /workers Mozilla/5.0 (Windows NT 10.0; Win64; x64) AppleWebKit/537.36 (KHTML, like Gecko) Chrome/84.0.4147.125 Safari/537.36
Tue, 18 Aug 2020 09:33:08 GMT ::1 GET 304 /workers Mozilla/5.0 (Windows NT 10.0; Win64; x64) AppleWebKit/537.36 (KHTML, like Gecko) Chrome/84.0.4147.125 Safari/537.36
Tue, 18 Aug 2020 09:33:08 GMT ::1 GET 304 /workers Mozilla/5.0 (Windows NT 10.0; Win64; x64) AppleWebKit/537.36 (KHTML, like Gecko) Chrome/84.0.4147.125 Safari/537.36
Tue, 18 Aug 2020 09:33:08 GMT ::1 GET 304 /workers Mozilla/5.0 (Windows NT 10.0; Win64; x64) AppleWebKit/537.36 (KHTML, like Gecko) Chrome/84.0.4147.125 Safari/537.36
Tue, 18 Aug 2020 09:36:54 GMT ::1 GET 304 / Mozilla/5.0 (Windows NT 10.0; Win64; x64) AppleWebKit/537.36 (KHTML, like Gecko) Chrome/84.0.4147.125 Safari/537.36
Tue, 18 Aug 2020 09:36:54 GMT ::1 GET 304 / Mozilla/5.0 (Windows NT 10.0; Win64; x64) AppleWebKit/537.36 (KHTML, like Gecko) Chrome/84.0.4147.125 Safari/537.36
Tue, 18 Aug 2020 09:36:54 GMT ::1 GET 304 / Mozilla/5.0 (Windows NT 10.0; Win64; x64) AppleWebKit/537.36 (KHTML, like Gecko) Chrome/84.0.4147.125 Safari/537.36
Tue, 18 Aug 2020 09:36:54 GMT ::1 GET 304 / Mozilla/5.0 (Windows NT 10.0; Win64; x64) AppleWebKit/537.36 (KHTML, like Gecko) Chrome/84.0.4147.125 Safari/537.36
Tue, 18 Aug 2020 09:36:56 GMT ::1 GET 304 /workers Mozilla/5.0 (Windows NT 10.0; Win64; x64) AppleWebKit/537.36 (KHTML, like Gecko) Chrome/84.0.4147.125 Safari/537.36
Tue, 18 Aug 2020 09:36:56 GMT ::1 GET 304 /workers Mozilla/5.0 (Windows NT 10.0; Win64; x64) AppleWebKit/537.36 (KHTML, like Gecko) Chrome/84.0.4147.125 Safari/537.36
Tue, 18 Aug 2020 09:36:56 GMT ::1 GET 304 /workers Mozilla/5.0 (Windows NT 10.0; Win64; x64) AppleWebKit/537.36 (KHTML, like Gecko) Chrome/84.0.4147.125 Safari/537.36
Tue, 18 Aug 2020 09:36:56 GMT ::1 GET 304 /workers Mozilla/5.0 (Windows NT 10.0; Win64; x64) AppleWebKit/537.36 (KHTML, like Gecko) Chrome/84.0.4147.125 Safari/537.36
Tue, 18 Aug 2020 09:36:59 GMT ::1 GET 304 / Mozilla/5.0 (Windows NT 10.0; Win64; x64) AppleWebKit/537.36 (KHTML, like Gecko) Chrome/84.0.4147.125 Safari/537.36
Tue, 18 Aug 2020 09:36:59 GMT ::1 GET 304 / Mozilla/5.0 (Windows NT 10.0; Win64; x64) AppleWebKit/537.36 (KHTML, like Gecko) Chrome/84.0.4147.125 Safari/537.36
Tue, 18 Aug 2020 09:36:59 GMT ::1 GET 304 / Mozilla/5.0 (Windows NT 10.0; Win64; x64) AppleWebKit/537.36 (KHTML, like Gecko) Chrome/84.0.4147.125 Safari/537.36
Tue, 18 Aug 2020 09:36:59 GMT ::1 GET 304 / Mozilla/5.0 (Windows NT 10.0; Win64; x64) AppleWebKit/537.36 (KHTML, like Gecko) Chrome/84.0.4147.125 Safari/537.36
Tue, 18 Aug 2020 09:37:02 GMT ::1 GET 304 /workers Mozilla/5.0 (Windows NT 10.0; Win64; x64) AppleWebKit/537.36 (KHTML, like Gecko) Chrome/84.0.4147.125 Safari/537.36
Tue, 18 Aug 2020 09:37:02 GMT ::1 GET 304 /workers Mozilla/5.0 (Windows NT 10.0; Win64; x64) AppleWebKit/537.36 (KHTML, like Gecko) Chrome/84.0.4147.125 Safari/537.36
Tue, 18 Aug 2020 09:37:02 GMT ::1 GET 304 /workers Mozilla/5.0 (Windows NT 10.0; Win64; x64) AppleWebKit/537.36 (KHTML, like Gecko) Chrome/84.0.4147.125 Safari/537.36
Tue, 18 Aug 2020 09:37:02 GMT ::1 GET 304 /workers Mozilla/5.0 (Windows NT 10.0; Win64; x64) AppleWebKit/537.36 (KHTML, like Gecko) Chrome/84.0.4147.125 Safari/537.36
Tue, 18 Aug 2020 09:58:52 GMT ::1 GET 304 /workers Mozilla/5.0 (Windows NT 10.0; Win64; x64) AppleWebKit/537.36 (KHTML, like Gecko) Chrome/84.0.4147.125 Safari/537.36
Tue, 18 Aug 2020 09:58:52 GMT ::1 GET 304 /workers Mozilla/5.0 (Windows NT 10.0; Win64; x64) AppleWebKit/537.36 (KHTML, like Gecko) Chrome/84.0.4147.125 Safari/537.36
Tue, 18 Aug 2020 09:58:52 GMT ::1 GET 304 /workers Mozilla/5.0 (Windows NT 10.0; Win64; x64) AppleWebKit/537.36 (KHTML, like Gecko) Chrome/84.0.4147.125 Safari/537.36
Tue, 18 Aug 2020 09:58:52 GMT ::1 GET 304 /workers Mozilla/5.0 (Windows NT 10.0; Win64; x64) AppleWebKit/537.36 (KHTML, like Gecko) Chrome/84.0.4147.125 Safari/537.36
Tue, 18 Aug 2020 09:59:08 GMT ::1 DELETE 200 /workers/delete insomnia/2020.3.3
Tue, 18 Aug 2020 09:59:12 GMT ::1 GET 200 /workers Mozilla/5.0 (Windows NT 10.0; Win64; x64) AppleWebKit/537.36 (KHTML, like Gecko) Chrome/84.0.4147.125 Safari/537.36
Tue, 18 Aug 2020 09:59:12 GMT ::1 GET 304 /workers Mozilla/5.0 (Windows NT 10.0; Win64; x64) AppleWebKit/537.36 (KHTML, like Gecko) Chrome/84.0.4147.125 Safari/537.36
Tue, 18 Aug 2020 09:59:12 GMT ::1 GET 304 /workers Mozilla/5.0 (Windows NT 10.0; Win64; x64) AppleWebKit/537.36 (KHTML, like Gecko) Chrome/84.0.4147.125 Safari/537.36
Tue, 18 Aug 2020 09:59:12 GMT ::1 GET 304 /workers Mozilla/5.0 (Windows NT 10.0; Win64; x64) AppleWebKit/537.36 (KHTML, like Gecko) Chrome/84.0.4147.125 Safari/537.36
Tue, 18 Aug 2020 10:41:34 GMT ::1 GET 304 /workers Mozilla/5.0 (Windows NT 10.0; Win64; x64) AppleWebKit/537.36 (KHTML, like Gecko) Chrome/84.0.4147.125 Safari/537.36
Tue, 18 Aug 2020 10:41:34 GMT ::1 GET 304 /workers Mozilla/5.0 (Windows NT 10.0; Win64; x64) AppleWebKit/537.36 (KHTML, like Gecko) Chrome/84.0.4147.125 Safari/537.36
Tue, 18 Aug 2020 10:41:34 GMT ::1 GET 304 /workers Mozilla/5.0 (Windows NT 10.0; Win64; x64) AppleWebKit/537.36 (KHTML, like Gecko) Chrome/84.0.4147.125 Safari/537.36
Tue, 18 Aug 2020 10:41:34 GMT ::1 GET 304 /workers Mozilla/5.0 (Windows NT 10.0; Win64; x64) AppleWebKit/537.36 (KHTML, like Gecko) Chrome/84.0.4147.125 Safari/537.36
